artin words:   0%|          | 0/10000 [00:00<?, ?it/s][500] valid=90.60% avg_ℓ=9.89314 max_ℓ=24.7266
[1000] valid=90.40% avg_ℓ=9.96596 max_ℓ=24.7266
[1500] valid=90.53% avg_ℓ=10.039 max_ℓ=24.7266
artin words:  16%|█▋        | 1626/10000 [00:00<00:00, 16257.38it/s][2000] valid=90.45% avg_ℓ=10.0859 max_ℓ=25.4205
[2500] valid=90.84% avg_ℓ=10.0227 max_ℓ=25.4205
[3000] valid=91.03% avg_ℓ=9.99647 max_ℓ=25.4205
artin words:  34%|███▎      | 3369/10000 [00:00<00:00, 16941.04it/s][3500] valid=91.29% avg_ℓ=10.0167 max_ℓ=25.4205
[4000] valid=91.28% avg_ℓ=10.0446 max_ℓ=25.4205
[4500] valid=91.38% avg_ℓ=10.0551 max_ℓ=25.4205
[5000] valid=91.38% avg_ℓ=10.0612 max_ℓ=25.4205
artin words:  51%|█████     | 5116/10000 [00:00<00:00, 17182.43it/s][5500] valid=91.42% avg_ℓ=10.0177 max_ℓ=25.4205
[6000] valid=91.45% avg_ℓ=10.0236 max_ℓ=25.4205
[6500] valid=91.37% avg_ℓ=10.0233 max_ℓ=26.774
artin words:  69%|██████▉   | 6882/10000 [00:00<00:00, 17367.11it/s][7000] valid=91.40% avg_ℓ=10.0302 max_ℓ=26.774
[7500] valid=91.51% avg_ℓ=10.0364 max_ℓ=26.774
[8000] valid=91.28% avg_ℓ=10.0572 max_ℓ=26.774
[8500] valid=91.39% avg_ℓ=10.0642 max_ℓ=26.774
artin words:  86%|████████▋ | 8631/10000 [00:00<00:00, 17410.15it/s][9000] valid=91.26% avg_ℓ=10.0697 max_ℓ=26.774
[9500] valid=91.22% avg_ℓ=10.0617 max_ℓ=26.774
[10000] valid=91.21% avg_ℓ=10.0436 max_ℓ=26.774
artin words: 100%|██████████| 10000/10000 [00:00<00:00, 17319.41it/s]
done: valid=9121 rejected=879 valid%=91.21 avg_ℓ=10.0436 max_ℓ=26.774
